Copyright 1986-2022 Xilinx, Inc. All Rights Reserved.
------------------------------------------------------------------------------------
| Tool Version : Vivado v.2022.1 (win64) Build 3526262 Mon Apr 18 15:48:16 MDT 2022
| Date         : Sat Nov 12 11:36:06 2022
| Host         : DESKTOP-789PPEF running 64-bit major release  (build 9200)
| Command      : upgrade_ip
| Device       : xc7z020clg400-1
------------------------------------------------------------------------------------

Upgrade Log for IP 'design_1_radio_fifo_0_0'

1. Summary
----------

SUCCESS in the upgrade of design_1_radio_fifo_0_0 (xilinx.com:user:radio_fifo:1.0) from (Rev. 6) to (Rev. 7)






Copyright 1986-2022 Xilinx, Inc. All Rights Reserved.
------------------------------------------------------------------------------------
| Tool Version : Vivado v.2022.1 (win64) Build 3526262 Mon Apr 18 15:48:16 MDT 2022
| Date         : Sat Nov 12 11:35:02 2022
| Host         : DESKTOP-789PPEF running 64-bit major release  (build 9200)
| Command      : upgrade_ip
| Device       : xc7z020clg400-1
------------------------------------------------------------------------------------

Upgrade Log for IP 'design_1_radio_fifo_0_0'

1. Summary
----------

SUCCESS in the conversion of design_1_radio_fifo_0_0 (xilinx.com:user:radio_fifo:1.0 (Rev. 6)) to Vivado generation flows.






Copyright 1986-2022 Xilinx, Inc. All Rights Reserved.
------------------------------------------------------------------------------------
| Tool Version : Vivado v.2022.1 (win64) Build 3526262 Mon Apr 18 15:48:16 MDT 2022
| Date         : Sat Nov 12 11:28:52 2022
| Host         : DESKTOP-789PPEF running 64-bit major release  (build 9200)
| Command      : upgrade_ip
| Device       : xc7z020clg400-1
------------------------------------------------------------------------------------

Upgrade Log for IP 'design_1_radio_fifo_0_0'

1. Summary
----------

SUCCESS in the upgrade of design_1_radio_fifo_0_0 (xilinx.com:user:radio_fifo:1.0) from (Rev. 4) to (Rev. 6)






Copyright 1986-2022 Xilinx, Inc. All Rights Reserved.
------------------------------------------------------------------------------------
| Tool Version : Vivado v.2022.1 (win64) Build 3526262 Mon Apr 18 15:48:16 MDT 2022
| Date         : Sat Nov 12 11:27:32 2022
| Host         : DESKTOP-789PPEF running 64-bit major release  (build 9200)
| Command      : upgrade_ip
| Device       : xc7z020clg400-1
------------------------------------------------------------------------------------

Upgrade Log for IP 'design_1_radio_fifo_0_0'

1. Summary
----------

SUCCESS in the conversion of design_1_radio_fifo_0_0 (xilinx.com:user:radio_fifo:1.0 (Rev. 4)) to Vivado generation flows.






Copyright 1986-2022 Xilinx, Inc. All Rights Reserved.
------------------------------------------------------------------------------------
| Tool Version : Vivado v.2022.1 (win64) Build 3526262 Mon Apr 18 15:48:16 MDT 2022
| Date         : Sat Nov 12 11:18:41 2022
| Host         : DESKTOP-789PPEF running 64-bit major release  (build 9200)
| Command      : upgrade_ip
| Device       : xc7z020clg400-1
------------------------------------------------------------------------------------

Upgrade Log for IP 'design_1_radio_fifo_0_0'

1. Summary
----------

SUCCESS in the conversion of design_1_radio_fifo_0_0 (xilinx.com:user:radio_fifo:1.0 (Rev. 4)) to Vivado generation flows.






Copyright 1986-2022 Xilinx, Inc. All Rights Reserved.
------------------------------------------------------------------------------------
| Tool Version : Vivado v.2022.1 (win64) Build 3526262 Mon Apr 18 15:48:16 MDT 2022
| Date         : Sat Nov 12 10:54:22 2022
| Host         : DESKTOP-789PPEF running 64-bit major release  (build 9200)
| Command      : upgrade_ip
| Device       : xc7z020clg400-1
------------------------------------------------------------------------------------

Upgrade Log for IP 'design_1_radio_fifo_0_0'

1. Summary
----------

SUCCESS in the upgrade of design_1_radio_fifo_0_0 (xilinx.com:user:radio_fifo:1.0) from (Rev. 3) to (Rev. 4)






Copyright 1986-2022 Xilinx, Inc. All Rights Reserved.
------------------------------------------------------------------------------------
| Tool Version : Vivado v.2022.1 (win64) Build 3526262 Mon Apr 18 15:48:16 MDT 2022
| Date         : Sat Nov 12 10:53:36 2022
| Host         : DESKTOP-789PPEF running 64-bit major release  (build 9200)
| Command      : upgrade_ip
| Device       : xc7z020clg400-1
------------------------------------------------------------------------------------

Upgrade Log for IP 'design_1_radio_fifo_0_0'

1. Summary
----------

SUCCESS in the conversion of design_1_radio_fifo_0_0 (xilinx.com:user:radio_fifo:1.0 (Rev. 3)) to Vivado generation flows.






Copyright 1986-2022 Xilinx, Inc. All Rights Reserved.
------------------------------------------------------------------------------------
| Tool Version : Vivado v.2022.1 (win64) Build 3526262 Mon Apr 18 15:48:16 MDT 2022
| Date         : Wed Nov  9 18:55:52 2022
| Host         : DESKTOP-789PPEF running 64-bit major release  (build 9200)
| Command      : upgrade_ip
| Device       : xc7z020clg400-1
------------------------------------------------------------------------------------

Upgrade Log for IP 'design_1_full_radio_0_0'

1. Summary
----------

SUCCESS in the upgrade of design_1_full_radio_0_0 (jhu.edu:user:full_radio:1.0) from (Rev. 10) to (Rev. 11)






Copyright 1986-2022 Xilinx, Inc. All Rights Reserved.
------------------------------------------------------------------------------------
| Tool Version : Vivado v.2022.1 (win64) Build 3526262 Mon Apr 18 15:48:16 MDT 2022
| Date         : Wed Nov  9 17:22:23 2022
| Host         : DESKTOP-789PPEF running 64-bit major release  (build 9200)
| Command      : upgrade_ip
| Device       : xc7z020clg400-1
------------------------------------------------------------------------------------

Upgrade Log for IP 'design_1_full_radio_0_0'

1. Summary
----------

SUCCESS in the conversion of design_1_full_radio_0_0 (jhu.edu:user:full_radio:1.0 (Rev. 10)) to Vivado generation flows.

